2024-08-19 15:06:48,426 - INFO - Starting pipeline
################################

2024-08-19 15:06:48,426 - INFO - STEP 1 : Verification for each JSON file.
####################
2024-08-19 15:06:48,427 - INFO - Loading: raw_data/complete/210072894_214-S5XL-291-RUN214_MITO.json
2024-08-19 15:06:48,429 - INFO - File '210072894_214-S5XL-291-RUN214_MITO.json' passed verification.

2024-08-19 15:06:48,429 - INFO - Loading: raw_data/complete/1508151-IonXpress039-Blood.json
2024-08-19 15:06:48,429 - INFO - File '1508151-IonXpress039-Blood.json' passed verification.

2024-08-19 15:06:48,430 - INFO - Loading: raw_data/complete/1733211-IonXpress046-Blood.json
2024-08-19 15:06:48,430 - INFO - File '1733211-IonXpress046-Blood.json' passed verification.

2024-08-19 15:06:48,431 - INFO - Loading: raw_data/complete/1817541-IonXpress034-Urines.json
2024-08-19 15:06:48,431 - INFO - File '1817541-IonXpress034-Urines.json' passed verification.

2024-08-19 15:06:48,431 - INFO - Loading: raw_data/complete/190061974_155-Proton-789-RUN155_MITO.json
2024-08-19 15:06:48,432 - INFO - File '190061974_155-Proton-789-RUN155_MITO.json' passed verification.

2024-08-19 15:06:48,433 - INFO - Loading: raw_data/complete/2031771-IonXpress071-Blood.json
2024-08-19 15:06:48,434 - WARNING - Absence of HPO terms for: raw_data/complete/2031771-IonXpress071-Blood.json
2024-08-19 15:06:48,434 - INFO - File '2031771-IonXpress071-Blood.json' passed verification.

2024-08-19 15:06:48,434 - INFO - Loading: raw_data/complete/101709069503_fibroblast.json
2024-08-19 15:06:48,435 - INFO - File '101709069503_fibroblast.json' passed verification.

2024-08-19 15:06:48,435 - INFO - Loading: raw_data/complete/220116533_S27_RUN011_MITO_NGS.json
2024-08-19 15:06:48,436 - WARNING - Invalid value for age_at_sampling: 56 (blood), 57 (urines)
2024-08-19 15:06:48,436 - WARNING - Only mutation m3243
2024-08-19 15:06:48,436 - ERROR - File '220116533_S27_RUN011_MITO_NGS.json' did not pass verification.

2024-08-19 15:06:48,436 - INFO - Loading: raw_data/complete/2127781-IonXpress064-Muscle.json
2024-08-19 15:06:48,437 - ERROR - The variant of interest 'A3243G' has less than 5% of heteroplasmy
2024-08-19 15:06:48,437 - ERROR - File '2127781-IonXpress064-Muscle.json' did not pass verification.

2024-08-19 15:06:48,437 - INFO - Loading: raw_data/complete/180171040_139-Proton-701-RUN139_MITO.json
2024-08-19 15:06:48,438 - INFO - File '180171040_139-Proton-701-RUN139_MITO.json' passed verification.

2024-08-19 15:06:48,438 - INFO - Loading: raw_data/complete/101706071956_blood.json
2024-08-19 15:06:48,438 - INFO - File '101706071956_blood.json' passed verification.

2024-08-19 15:06:48,438 - INFO - Loading: raw_data/complete/1529983-IonXpress066-Blood.json
2024-08-19 15:06:48,439 - INFO - File '1529983-IonXpress066-Blood.json' passed verification.

2024-08-19 15:06:48,439 - INFO - Loading: raw_data/complete/1018BI000152_blood.json
2024-08-19 15:06:48,440 - INFO - File '1018BI000152_blood.json' passed verification.

2024-08-19 15:06:48,440 - INFO - Loading: raw_data/complete/220045481_S2_RUN006_MITO_ILLUMINA.json
2024-08-19 15:06:48,441 - INFO - File '220045481_S2_RUN006_MITO_ILLUMINA.json' passed verification.

2024-08-19 15:06:48,441 - INFO - Loading: raw_data/complete/1506441-IonXpress037-Blood.json
2024-08-19 15:06:48,442 - INFO - File '1506441-IonXpress037-Blood.json' passed verification.

2024-08-19 15:06:48,442 - INFO - Loading: raw_data/complete/220151449_S28_RUN015_MITO.json
2024-08-19 15:06:48,443 - INFO - File '220151449_S28_RUN015_MITO.json' passed verification.

2024-08-19 15:06:48,443 - INFO - Loading: raw_data/complete/101409034656_blood.json
2024-08-19 15:06:48,444 - INFO - File '101409034656_blood.json' passed verification.

2024-08-19 15:06:48,444 - INFO - Loading: raw_data/complete/1022BI001032_blood.json
2024-08-19 15:06:48,445 - INFO - File '1022BI001032_blood.json' passed verification.

2024-08-19 15:06:48,445 - INFO - Loading: raw_data/complete/1019BI000330_blood.json
2024-08-19 15:06:48,446 - INFO - File '1019BI000330_blood.json' passed verification.

2024-08-19 15:06:48,446 - INFO - Loading: raw_data/complete/2032743-IonXpress072-Blood.json
2024-08-19 15:06:48,447 - INFO - File '2032743-IonXpress072-Blood.json' passed verification.

2024-08-19 15:06:48,447 - INFO - Loading: raw_data/complete/1759-IonXpress065-Blood.json
2024-08-19 15:06:48,448 - ERROR - The variant of interest 'A3243G' has less than 5% of heteroplasmy
2024-08-19 15:06:48,448 - ERROR - File '1759-IonXpress065-Blood.json' did not pass verification.

2024-08-19 15:06:48,448 - INFO - Loading: raw_data/complete/220085107_S23_RUN008_MITO_NGS.json
2024-08-19 15:06:48,448 - WARNING - Only mutation m3243
2024-08-19 15:06:48,448 - INFO - File '220085107_S23_RUN008_MITO_NGS.json' passed verification.

2024-08-19 15:06:48,449 - INFO - Loading: raw_data/complete/1020BI001233_muscle.json
2024-08-19 15:06:48,450 - INFO - File '1020BI001233_muscle.json' passed verification.

2024-08-19 15:06:48,450 - INFO - Loading: raw_data/complete/2118201-IonXpress073-Blood.json
2024-08-19 15:06:48,451 - INFO - File '2118201-IonXpress073-Blood.json' passed verification.

2024-08-19 15:06:48,451 - INFO - Loading: raw_data/complete/230141285_S6_Nk_kermit_final.json
2024-08-19 15:06:48,451 - INFO - File '230141285_S6_Nk_kermit_final.json' passed verification.

2024-08-19 15:06:48,452 - INFO - Loading: raw_data/complete/2007941-IonXpress069-Blood.json
2024-08-19 15:06:48,453 - INFO - File '2007941-IonXpress069-Blood.json' passed verification.

2024-08-19 15:06:48,453 - INFO - Loading: raw_data/complete/Mt3809-IonXpress076-Blood.json
2024-08-19 15:06:48,454 - INFO - File 'Mt3809-IonXpress076-Blood.json' passed verification.

2024-08-19 15:06:48,454 - INFO - Loading: raw_data/complete/210026424_213-S5XL-RUN213_MITO.json
2024-08-19 15:06:48,455 - INFO - File '210026424_213-S5XL-RUN213_MITO.json' passed verification.

2024-08-19 15:06:48,455 - INFO - Loading: raw_data/complete/220110022_S35_RUN010_MITO_NGS.json
2024-08-19 15:06:48,455 - WARNING - Only mutation m3243
2024-08-19 15:06:48,456 - INFO - File '220110022_S35_RUN010_MITO_NGS.json' passed verification.

2024-08-19 15:06:48,456 - INFO - Loading: raw_data/complete/1518071-IonXpress042-Blood.json
2024-08-19 15:06:48,456 - INFO - File '1518071-IonXpress042-Blood.json' passed verification.

2024-08-19 15:06:48,456 - INFO - Loading: raw_data/complete/230171134_S29_Nk_kermit_final.json
2024-08-19 15:06:48,458 - INFO - File '230171134_S29_Nk_kermit_final.json' passed verification.

2024-08-19 15:06:48,458 - INFO - Loading: raw_data/complete/1019BI000276_blood.json
2024-08-19 15:06:48,459 - INFO - File '1019BI000276_blood.json' passed verification.

2024-08-19 15:06:48,459 - INFO - Loading: raw_data/complete/1022BI000338_buccal.json
2024-08-19 15:06:48,459 - ERROR - The variant of interest 'A3243G' has less than 5% of heteroplasmy
2024-08-19 15:06:48,459 - ERROR - File '1022BI000338_buccal.json' did not pass verification.

2024-08-19 15:06:48,460 - INFO - Loading: raw_data/complete/180004443_108-Proton-527-RUN108_MITO.json
2024-08-19 15:06:48,460 - INFO - File '180004443_108-Proton-527-RUN108_MITO.json' passed verification.

2024-08-19 15:06:48,460 - INFO - Loading: raw_data/complete/1506822-IonXpress038-Blood.json
2024-08-19 15:06:48,461 - INFO - File '1506822-IonXpress038-Blood.json' passed verification.

2024-08-19 15:06:48,461 - INFO - Loading: raw_data/complete/2022272-IonXpress070-Blood.json
2024-08-19 15:06:48,462 - WARNING - Absence of HPO terms for: raw_data/complete/2022272-IonXpress070-Blood.json
2024-08-19 15:06:48,462 - INFO - File '2022272-IonXpress070-Blood.json' passed verification.

2024-08-19 15:06:48,462 - INFO - Loading: raw_data/complete/210049383_215-S5XL-292-RUN215_MITO.json
2024-08-19 15:06:48,463 - INFO - File '210049383_215-S5XL-292-RUN215_MITO.json' passed verification.

2024-08-19 15:06:48,463 - INFO - Loading: raw_data/complete/Mt5033-IonXpress079-Blood.json
2024-08-19 15:06:48,464 - INFO - File 'Mt5033-IonXpress079-Blood.json' passed verification.

2024-08-19 15:06:48,464 - INFO - Loading: raw_data/complete/1539942-IonXpress044-Blood.json
2024-08-19 15:06:48,465 - INFO - File '1539942-IonXpress044-Blood.json' passed verification.

2024-08-19 15:06:48,465 - INFO - Loading: raw_data/complete/190094178_162-Proton-824-RUN162_MITO.json
2024-08-19 15:06:48,466 - ERROR - No mutation A3243G.
2024-08-19 15:06:48,466 - ERROR - File '190094178_162-Proton-824-RUN162_MITO.json' did not pass verification.

2024-08-19 15:06:48,466 - INFO - Loading: raw_data/complete/1022BI000338_blood.json
2024-08-19 15:06:48,466 - ERROR - No mutation A3243G.
2024-08-19 15:06:48,467 - ERROR - File '1022BI000338_blood.json' did not pass verification.

2024-08-19 15:06:48,467 - INFO - Loading: raw_data/complete/230036259_S45_RUN019_MITO.json
2024-08-19 15:06:48,467 - INFO - File '230036259_S45_RUN019_MITO.json' passed verification.

2024-08-19 15:06:48,468 - INFO - Loading: raw_data/complete/190073742_156-Proton-799-RUN156_MITO.json
2024-08-19 15:06:48,468 - INFO - File '190073742_156-Proton-799-RUN156_MITO.json' passed verification.

2024-08-19 15:06:48,468 - INFO - Loading: raw_data/complete/1740381-IonXpress048-Blood.json
2024-08-19 15:06:48,469 - INFO - File '1740381-IonXpress048-Blood.json' passed verification.

2024-08-19 15:06:48,469 - INFO - Loading: raw_data/complete/230038867_S38_RUN025_MITO.json
2024-08-19 15:06:48,470 - INFO - File '230038867_S38_RUN025_MITO.json' passed verification.

2024-08-19 15:06:48,470 - INFO - Loading: raw_data/complete/1020BI001204_buccal.json
2024-08-19 15:06:48,471 - INFO - File '1020BI001204_buccal.json' passed verification.

2024-08-19 15:06:48,471 - INFO - Loading: raw_data/complete/1021BI000841_blood.json
2024-08-19 15:06:48,472 - INFO - File '1021BI000841_blood.json' passed verification.

2024-08-19 15:06:48,472 - INFO - Loading: raw_data/complete/1022BI000597_blood.json
2024-08-19 15:06:48,473 - INFO - File '1022BI000597_blood.json' passed verification.

2024-08-19 15:06:48,473 - INFO - Loading: raw_data/complete/170188627_105-Proton-508-RUN105_MITO.json
2024-08-19 15:06:48,473 - INFO - File '170188627_105-Proton-508-RUN105_MITO.json' passed verification.

2024-08-19 15:06:48,473 - INFO - Loading: raw_data/complete/220058536_S13_RUN007_MITO_ILLUMINA.json
2024-08-19 15:06:48,474 - INFO - File '220058536_S13_RUN007_MITO_ILLUMINA.json' passed verification.

2024-08-19 15:06:48,474 - INFO - Loading: raw_data/complete/240021902_S33_Nk_kermit_final.json
2024-08-19 15:06:48,475 - INFO - File '240021902_S33_Nk_kermit_final.json' passed verification.

2024-08-19 15:06:48,475 - INFO - Loading: raw_data/complete/1845881-IonXpress012-Muscle.json
2024-08-19 15:06:48,476 - INFO - File '1845881-IonXpress012-Muscle.json' passed verification.

2024-08-19 15:06:48,476 - INFO - Loading: raw_data/complete/1019BI000387_blood.json
2024-08-19 15:06:48,476 - INFO - File '1019BI000387_blood.json' passed verification.

2024-08-19 15:06:48,477 - INFO - Loading: raw_data/complete/1021BI001736_blood.json
2024-08-19 15:06:48,477 - INFO - File '1021BI001736_blood.json' passed verification.

2024-08-19 15:06:48,477 - INFO - Loading: raw_data/complete/1408-IonXpress054-Blood.json
2024-08-19 15:06:48,478 - INFO - File '1408-IonXpress054-Blood.json' passed verification.

2024-08-19 15:06:48,478 - INFO - Loading: raw_data/complete/220142045_S5_RUN013_MITO_NGS.json
2024-08-19 15:06:48,479 - INFO - File '220142045_S5_RUN013_MITO_NGS.json' passed verification.

2024-08-19 15:06:48,479 - INFO - Loading: raw_data/complete/220189728_S20_RUN019_MITO.json
2024-08-19 15:06:48,480 - INFO - File '220189728_S20_RUN019_MITO.json' passed verification.

2024-08-19 15:06:48,480 - INFO - Loading: raw_data/complete/1019BI000276_urine.json
2024-08-19 15:06:48,481 - INFO - File '1019BI000276_urine.json' passed verification.

2024-08-19 15:06:48,481 - INFO - Loading: raw_data/complete/210007835_210-Proton-1055-RUN210_MITO.json
2024-08-19 15:06:48,481 - ERROR - No mutation A3243G.
2024-08-19 15:06:48,482 - ERROR - File '210007835_210-Proton-1055-RUN210_MITO.json' did not pass verification.

2024-08-19 15:06:48,482 - INFO - Loading: raw_data/complete/1849951-IonXpress068-Blood.json
2024-08-19 15:06:48,482 - INFO - File '1849951-IonXpress068-Blood.json' passed verification.

2024-08-19 15:06:48,483 - INFO - Loading: raw_data/complete/1738921-IonXpress047-Blood.json
2024-08-19 15:06:48,483 - INFO - File '1738921-IonXpress047-Blood.json' passed verification.

2024-08-19 15:06:48,483 - INFO - Loading: raw_data/complete/Mt4048-IonXpress077-Muscle.json
2024-08-19 15:06:48,484 - INFO - File 'Mt4048-IonXpress077-Muscle.json' passed verification.

2024-08-19 15:06:48,484 - INFO - Loading: raw_data/complete/2132581-IonXpress074-Blood.json
2024-08-19 15:06:48,485 - INFO - File '2132581-IonXpress074-Blood.json' passed verification.

2024-08-19 15:06:48,485 - INFO - Loading: raw_data/complete/220180245_S30_RUN018_MITO.json
2024-08-19 15:06:48,485 - WARNING - Only mutation m3243
2024-08-19 15:06:48,486 - INFO - File '220180245_S30_RUN018_MITO.json' passed verification.

2024-08-19 15:06:48,486 - INFO - Loading: raw_data/complete/221088-IonXpress085-Sang.json
2024-08-19 15:06:48,487 - INFO - File '221088-IonXpress085-Sang.json' passed verification.

2024-08-19 15:06:48,487 - INFO - Loading: raw_data/complete/1942431-IonXpress081-Blood.json
2024-08-19 15:06:48,487 - ERROR - The variant of interest 'A3243G' has less than 5% of heteroplasmy
2024-08-19 15:06:48,488 - ERROR - File '1942431-IonXpress081-Blood.json' did not pass verification.

2024-08-19 15:06:48,488 - INFO - Loading: raw_data/complete/230073517_S10_Nk_kermit_final.json
2024-08-19 15:06:48,488 - INFO - File '230073517_S10_Nk_kermit_final.json' passed verification.

2024-08-19 15:06:48,488 - INFO - Loading: raw_data/complete/1018BI001189_blood.json
2024-08-19 15:06:48,489 - ERROR - The variant of interest 'A3243G' has less than 5% of heteroplasmy
2024-08-19 15:06:48,489 - ERROR - File '1018BI001189_blood.json' did not pass verification.

2024-08-19 15:06:48,489 - INFO - Loading: raw_data/complete/1817542-IonXpress067-Blood.json
2024-08-19 15:06:48,490 - INFO - File '1817542-IonXpress067-Blood.json' passed verification.

2024-08-19 15:06:48,490 - INFO - Loading: raw_data/complete/190126606_166bis-Proton-859-RUN166BIS_MITO.json
2024-08-19 15:06:48,491 - INFO - File '190126606_166bis-Proton-859-RUN166BIS_MITO.json' passed verification.

2024-08-19 15:06:48,491 - INFO - Loading: raw_data/complete/101409034656_fibroblast.json
2024-08-19 15:06:48,492 - ERROR - No mutation A3243G.
2024-08-19 15:06:48,492 - ERROR - File '101409034656_fibroblast.json' did not pass verification.

2024-08-19 15:06:48,492 - INFO - Loading: raw_data/complete/101409034656_muscle.json
2024-08-19 15:06:48,493 - INFO - File '101409034656_muscle.json' passed verification.

2024-08-19 15:06:48,493 - INFO - Loading: raw_data/complete/1022BI000597_urine.json
2024-08-19 15:06:48,494 - INFO - File '1022BI000597_urine.json' passed verification.

2024-08-19 15:06:48,494 - INFO - Loading: raw_data/complete/1718521-IonXptress045-Blood.json
2024-08-19 15:06:48,495 - INFO - File '1718521-IonXptress045-Blood.json' passed verification.

2024-08-19 15:06:48,495 - INFO - Loading: raw_data/complete/230083235_S31_Nk_kermit_final.json
2024-08-19 15:06:48,496 - INFO - File '230083235_S31_Nk_kermit_final.json' passed verification.

2024-08-19 15:06:48,496 - INFO - Loading: raw_data/complete/Mt4680-IonXpress078-Blood.json
2024-08-19 15:06:48,497 - INFO - File 'Mt4680-IonXpress078-Blood.json' passed verification.

2024-08-19 15:06:48,497 - INFO - Loading: raw_data/complete/1833551-IonXpress050-Blood.json
2024-08-19 15:06:48,497 - INFO - File '1833551-IonXpress050-Blood.json' passed verification.

2024-08-19 15:06:48,497 - INFO - Loading: raw_data/complete/1508751-IonXpress040-Blood.json
2024-08-19 15:06:48,498 - INFO - File '1508751-IonXpress040-Blood.json' passed verification.

2024-08-19 15:06:48,498 - INFO - Loading: raw_data/complete/1510471-IonXpress041-Blood.json
2024-08-19 15:06:48,499 - INFO - File '1510471-IonXpress041-Blood.json' passed verification.

2024-08-19 15:06:48,499 - INFO - Loading: raw_data/complete/1534491-IonXpress043-Heart.json
2024-08-19 15:06:48,500 - INFO - File '1534491-IonXpress043-Heart.json' passed verification.

2024-08-19 15:06:48,500 - INFO - Loading: raw_data/complete/95-IonXpress063-Blood.json
2024-08-19 15:06:48,501 - WARNING - Absence of HPO terms for: raw_data/complete/95-IonXpress063-Blood.json
2024-08-19 15:06:48,501 - INFO - File '95-IonXpress063-Blood.json' passed verification.

2024-08-19 15:06:48,501 - INFO - Loading: raw_data/complete/1018BI000514_blood.json
2024-08-19 15:06:48,502 - INFO - File '1018BI000514_blood.json' passed verification.

2024-08-19 15:06:48,502 - INFO - Loading: raw_data/complete/170131062_096-Proton-449-RUN096_MITO.json
2024-08-19 15:06:48,502 - INFO - File '170131062_096-Proton-449-RUN096_MITO.json' passed verification.

2024-08-19 15:06:48,503 - INFO - Loading: raw_data/complete/1022BI000338_urine.json
2024-08-19 15:06:48,503 - INFO - File '1022BI000338_urine.json' passed verification.

2024-08-19 15:06:48,503 - INFO - Loading: raw_data/complete/101512027932_blood.json
2024-08-19 15:06:48,504 - ERROR - Invalid heteroplasmy rate for variant: ['chrM', 152, 'T', 'C', '']
2024-08-19 15:06:48,504 - ERROR - No heteroplasmy rate for variant: A3243G
2024-08-19 15:06:48,504 - ERROR - File '101512027932_blood.json' did not pass verification.

2024-08-19 15:06:48,504 - INFO - Loading: raw_data/complete/1020BI001204_blood.json
2024-08-19 15:06:48,505 - ERROR - The variant of interest 'A3243G' has less than 5% of heteroplasmy
2024-08-19 15:06:48,505 - ERROR - File '1020BI001204_blood.json' did not pass verification.

2024-08-19 15:06:48,505 - INFO - Loading: raw_data/complete/101709069503_muscle.json
2024-08-19 15:06:48,506 - ERROR - Invalid heteroplasmy rate for variant: ['chrM', 152, 'T', 'C', '']
2024-08-19 15:06:48,506 - ERROR - No heteroplasmy rate for variant: A3243G
2024-08-19 15:06:48,506 - ERROR - File '101709069503_muscle.json' did not pass verification.

2024-08-19 15:06:48,506 - INFO - Loading: raw_data/complete/180114196_129-S5-187-RUN129_MITO.json
2024-08-19 15:06:48,507 - INFO - File '180114196_129-S5-187-RUN129_MITO.json' passed verification.

2024-08-19 15:06:48,507 - INFO - Loading: raw_data/complete/1410-IonXpress064-Blood.json
2024-08-19 15:06:48,508 - INFO - File '1410-IonXpress064-Blood.json' passed verification.

2024-08-19 15:06:48,508 - INFO - Loading: raw_data/complete/Mt3384-IonXpress075-Blood.json
2024-08-19 15:06:48,509 - INFO - File 'Mt3384-IonXpress075-Blood.json' passed verification.

2024-08-19 15:06:48,509 - INFO - Loading: raw_data/complete/Mt4435-IonXpress053-Blood.json
2024-08-19 15:06:48,509 - INFO - File 'Mt4435-IonXpress053-Blood.json' passed verification.

2024-08-19 15:06:48,510 - INFO - Loading: raw_data/complete/230123980_S10_Nk_kermit_final.json
2024-08-19 15:06:48,510 - INFO - File '230123980_S10_Nk_kermit_final.json' passed verification.

2024-08-19 15:06:48,510 - INFO - Loading: raw_data/complete/2120881-IonXpress052-Heart.json
2024-08-19 15:06:48,511 - INFO - File '2120881-IonXpress052-Heart.json' passed verification.

2024-08-19 15:06:48,511 - INFO - Loading: raw_data/complete/1820572-IonXpress049-Blood.json
2024-08-19 15:06:48,512 - ERROR - The variant of interest 'A3243G' has less than 5% of heteroplasmy
2024-08-19 15:06:48,512 - ERROR - File '1820572-IonXpress049-Blood.json' did not pass verification.

2024-08-19 15:06:48,512 - INFO - Loading: raw_data/complete/190073729_156-Proton-799-RUN156_MITO.json
2024-08-19 15:06:48,513 - ERROR - No mutation A3243G.
2024-08-19 15:06:48,513 - ERROR - File '190073729_156-Proton-799-RUN156_MITO.json' did not pass verification.

2024-08-19 15:06:48,513 - INFO - Loading: raw_data/complete/220048680_S16_RUN006_MITO_ILLUMINA.json
2024-08-19 15:06:48,514 - INFO - File '220048680_S16_RUN006_MITO_ILLUMINA.json' passed verification.

2024-08-19 15:06:48,514 - INFO - Loading: raw_data/complete/2038061.01-IonXpress051-Muscle.json
2024-08-19 15:06:48,514 - INFO - File '2038061.01-IonXpress051-Muscle.json' passed verification.

2024-08-19 15:06:48,515 - INFO - Loading: raw_data/complete/220100155_S37_RUN010_MITO_NGS.json
2024-08-19 15:06:48,515 - WARNING - Only mutation m3243
2024-08-19 15:06:48,515 - INFO - File '220100155_S37_RUN010_MITO_NGS.json' passed verification.

2024-08-19 15:06:48,515 - INFO - Loading: raw_data/complete/240033620_S46_RUN041B_MITO.json
2024-08-19 15:06:48,516 - INFO - File '240033620_S46_RUN041B_MITO.json' passed verification.

2024-08-19 15:06:48,517 - INFO - Loading: raw_data/complete/170146527_099-Proton-474-RUN099_MITO.json
2024-08-19 15:06:48,517 - INFO - File '170146527_099-Proton-474-RUN099_MITO.json' passed verification.

2024-08-19 15:06:48,517 - INFO - Loading: raw_data/complete/220132832_S15_RUN012_MITO.json
2024-08-19 15:06:48,518 - INFO - File '220132832_S15_RUN012_MITO.json' passed verification.

2024-08-19 15:06:48,518 - INFO - Total correct JSON files: 86
2024-08-19 15:06:48,518 - INFO - Total JSON files tested: 101

2024-08-19 15:06:48,518 - INFO - ##################
STEP 2 : Creation of HPO files.
####################
2024-08-19 15:06:48,730 - WARNING - 
The HPO 'HP_0008916' was not found in hp.json for the patient 210072894

2024-08-19 15:06:54,228 - WARNING - 
The HPO 'HP_0008916' was not found in hp.json for the patient 1019BI000276

2024-08-19 15:06:54,601 - WARNING - 
The HPO 'HP_0008916' was not found in hp.json for the patient C04501

2024-08-19 15:06:57,912 - WARNING - 
The HPO 'HP_0000077 ' was not found in hp.json for the patient BFAM7485

2024-08-19 15:06:58,448 - WARNING - 
The HPO 'HP_0008916' was not found in hp.json for the patient 1019BI000276

2024-08-19 15:07:01,437 - WARNING - 
The HPO 'HP_0008916' was not found in hp.json for the patient C04561

2024-08-19 15:07:02,372 - WARNING - 
The HPO 'HP_0008916' was not found in hp.json for the patient 170131062

2024-08-19 15:07:02,737 - WARNING - 
The HPO 'HP_0008916' was not found in hp.json for the patient 180114196

2024-08-19 15:07:02,920 - WARNING - 
The HPO 'HP_0002490 ' was not found in hp.json for the patient BFAM5861

2024-08-19 15:07:04,827 - INFO - ##################
STEP 4 : Creation of HPO terms.
####################
2024-08-19 15:07:04,834 - INFO - The HPO concatenate file 'transformed_data/concatenate_HPO.csv' has been created.
2024-08-19 15:07:04,906 - INFO - The concatenate variant file 'transformed_data/concatenate_variants.csv' has been created.
